<?xml version='1.0' encoding='UTF-8'?>
<testsuite hostname="yanPC" name="br.unb.cic.ed.TestBinTree" tests="7" errors="0" failures="0" skipped="0" time="0.021">
                     <properties>
[...]
</properties>
                     <testcase classname="br.unb.cic.ed.TestBinTree" name="A tree should return true if we call exist(3) in a tree with values 7, 5, 3, 6, 8" time="0.004">
                                                 
                                               </testcase><testcase classname="br.unb.cic.ed.TestBinTree" name="A tree should return false if you try to remove from an empty tree" time="0.007">
                                                 
                                               </testcase><testcase classname="br.unb.cic.ed.TestBinTree" name="A tree should return false if we call exist(3) in a tree with values 7, 5, 3, 6, 8 and remove 3" time="0.004">
                                                 
                                               </testcase><testcase classname="br.unb.cic.ed.TestBinTree" name="A tree should return false if we call exist(8) in a tree with values 7, 5, 3, 6, 8, 10 and remove 8, 1 children right" time="0.002">
                                                 
                                               </testcase><testcase classname="br.unb.cic.ed.TestBinTree" name="A tree should return false if we call exist(5) in a tree with values 7, 5, 3, 8 and remove 5, 1 childrem left" time="0.001">
                                                 
                                               </testcase><testcase classname="br.unb.cic.ed.TestBinTree" name="A tree should return false if we call exist(7) in a tree with values 7, 5, 3, 6, 8 and remove 7, 2 children node" time="0.002">
                                                 
                                               </testcase><testcase classname="br.unb.cic.ed.TestBinTree" name="A tree should return false if we call exist(5) in a tree with values 7, 5, 6, 8 and remove 5, 1 children node" time="0.001">
                                                 
                                               </testcase>
                     <system-out><![CDATA[]]></system-out>
                     <system-err><![CDATA[]]></system-err>
                   </testsuite>