<?xml version='1.0' encoding='UTF-8'?>
<testsuite hostname="yanPC" name="br.unb.cic.ed.TestList" tests="11" errors="0" failures="0" skipped="0" time="0.037">
                     <properties>
[...]
</properties>
                     <testcase classname="br.unb.cic.ed.TestList" name="A List should have size == 0 before inserting any element" time="0.02">
                                                 
                                               </testcase><testcase classname="br.unb.cic.ed.TestList" name="A List should have size == 0 after clearing the list" time="0.008">
                                                 
                                               </testcase><testcase classname="br.unb.cic.ed.TestList" name="A List should have size == 3 after inserting three elements" time="0.001">
                                                 
                                               </testcase><testcase classname="br.unb.cic.ed.TestList" name="A List should update the value of any element in the list" time="0.001">
                                                 
                                               </testcase><testcase classname="br.unb.cic.ed.TestList" name="A List should should keep the list of inserted values" time="0.0">
                                                 
                                               </testcase><testcase classname="br.unb.cic.ed.TestList" name="A List should return Some(1) when we call find(1000) in the list [100, 1000, 10000]" time="0.001">
                                                 
                                               </testcase><testcase classname="br.unb.cic.ed.TestList" name="A List should throw InvalidArgument when we call insert(1, 1) on an empty list" time="0.003">
                                                 
                                               </testcase><testcase classname="br.unb.cic.ed.TestList" name="A List should throw InvalidArgument when we call insert(4, 4) on a list with values [1,3,4]" time="0.001">
                                                 
                                               </testcase><testcase classname="br.unb.cic.ed.TestList" name="insert(1,20) = [10,20,30,40]" time="0.001">
                                                 
                                               </testcase><testcase classname="br.unb.cic.ed.TestList" name="A List should have size == 2 after inserting three elements and removing the last one" time="0.001">
                                                 
                                               </testcase><testcase classname="br.unb.cic.ed.TestList" name="A List should have size == 2 after inserting three elements and removing the the first one" time="0.0">
                                                 
                                               </testcase>
                     <system-out><![CDATA[]]></system-out>
                     <system-err><![CDATA[]]></system-err>
                   </testsuite>